<?xml version="1.0" encoding="UTF-8"?>
<!-- Generated by org.testng.reporters.JUnitReportReporter -->
<testsuite skipped="0" hostname="LAPTOP-AE0FVLSR" name="com.orgdemo1.GetAllDetailEmployee" tests="1" failures="0" timestamp="2023-09-14T22:12:51 EDT" time="4.341" errors="0">
  <testcase name="shravs" time="4.341" classname="com.orgdemo1.GetAllDetailEmployee"/>
  <system-out/>
</testsuite> <!-- com.orgdemo1.GetAllDetailEmployee -->
