<?xml version="1.0" encoding="UTF-8"?>
<!-- Generated by org.testng.reporters.JUnitReportReporter -->
<testsuite skipped="0" hostname="LAPTOP-AE0FVLSR" name="com.orgdemo1.GetAllDetail" tests="1" failures="0" timestamp="2023-10-22T22:51:38 EDT" time="4.216" errors="0">
  <testcase name="shravya" time="4.216" classname="com.orgdemo1.GetAllDetail"/>
  <system-out/>
</testsuite> <!-- com.orgdemo1.GetAllDetail -->
