<?xml version="1.0" encoding="UTF-8"?>
<!-- Generated by org.testng.reporters.JUnitReportReporter -->
<testsuite skipped="0" hostname="LAPTOP-AE0FVLSR" name="com.orgdemo1.Demo5Test" tests="1" failures="0" timestamp="2023-10-24T22:50:10 EDT" time="0.294" errors="0">
  <testcase name="getrequesttyepecode1" time="0.294" classname="com.orgdemo1.Demo5Test"/>
  <system-out/>
</testsuite> <!-- com.orgdemo1.Demo5Test -->
