<?xml version="1.0" encoding="UTF-8"?>
<!-- Generated by org.testng.reporters.JUnitReportReporter -->
<testsuite skipped="0" hostname="LAPTOP-AE0FVLSR" name="com.orgdemo1.PutRequest" tests="1" failures="0" timestamp="2023-09-19T22:45:29 EDT" time="2.783" errors="0">
  <testcase name="putdemo" time="2.783" classname="com.orgdemo1.PutRequest"/>
  <system-out/>
</testsuite> <!-- com.orgdemo1.PutRequest -->
