<?xml version="1.0" encoding="UTF-8"?>
<!-- Generated by org.testng.reporters.JUnitReportReporter -->
<testsuite skipped="0" hostname="LAPTOP-AE0FVLSR" name="com.orgdemo1.CreateResource" tests="1" failures="0" timestamp="2023-10-24T21:35:59 EDT" time="2.242" errors="0">
  <testcase name="newResource" time="2.242" classname="com.orgdemo1.CreateResource"/>
  <system-out/>
</testsuite> <!-- com.orgdemo1.CreateResource -->
