<?xml version="1.0" encoding="UTF-8"?>
<!-- Generated by org.testng.reporters.JUnitReportReporter -->
<testsuite skipped="0" hostname="LAPTOP-AE0FVLSR" name="com.orgdemo1.Resources" tests="1" failures="0" timestamp="2023-09-14T22:59:45 EDT" time="3.942" errors="0">
  <testcase name="allresources" time="3.942" classname="com.orgdemo1.Resources"/>
  <system-out/>
</testsuite> <!-- com.orgdemo1.Resources -->
