<?xml version="1.0" encoding="UTF-8"?>
<!-- Generated by org.testng.reporters.JUnitReportReporter -->
<testsuite skipped="0" hostname="LAPTOP-AE0FVLSR" name="com.orgdemo1.Demo6Test" tests="1" failures="0" timestamp="2023-10-25T22:37:16 EDT" time="0.405" errors="0">
  <testcase name="getrequesttyepecode2" time="0.405" classname="com.orgdemo1.Demo6Test"/>
  <system-out/>
</testsuite> <!-- com.orgdemo1.Demo6Test -->
