<?xml version="1.0" encoding="UTF-8"?>
<!-- Generated by org.testng.reporters.JUnitReportReporter -->
<testsuite skipped="0" hostname="LAPTOP-AE0FVLSR" name="com.orgdemo1.Demo2Test" tests="1" failures="0" timestamp="2023-10-24T22:48:08 EDT" time="0.302" errors="0">
  <testcase name="shravs" time="0.302" classname="com.orgdemo1.Demo2Test"/>
  <system-out/>
</testsuite> <!-- com.orgdemo1.Demo2Test -->
