<?xml version="1.0" encoding="UTF-8"?>
<!-- Generated by org.testng.reporters.JUnitReportReporter -->
<testsuite skipped="0" hostname="LAPTOP-AE0FVLSR" name="com.orgdemo1.Demo5Test" tests="1" failures="0" timestamp="30 Oct 2023 02:45:37 GMT" time="0.274" errors="0">
  <testcase name="getrequesttyepecode1" time="0.274" classname="com.orgdemo1.Demo5Test"/>
</testsuite> <!-- com.orgdemo1.Demo5Test -->
