<?xml version="1.0" encoding="UTF-8"?>
<!-- Generated by org.testng.reporters.JUnitReportReporter -->
<testsuite skipped="0" hostname="LAPTOP-AE0FVLSR" name="com.orgdemo1.Demo8Test" tests="1" failures="0" timestamp="30 Oct 2023 02:45:37 GMT" time="0.380" errors="0">
  <testcase name="postrequest" time="0.380" classname="com.orgdemo1.Demo8Test"/>
</testsuite> <!-- com.orgdemo1.Demo8Test -->
