<?xml version="1.0" encoding="UTF-8"?>
<!-- Generated by org.testng.reporters.JUnitReportReporter -->
<testsuite skipped="0" hostname="LAPTOP-AE0FVLSR" name="com.orgdemo1.Demo6Test" tests="2" failures="0" timestamp="30 Oct 2023 02:45:37 GMT" time="0.762" errors="0">
  <testcase name="getrequesttyepecode2" time="0.365" classname="com.orgdemo1.Demo6Test"/>
  <testcase name="getrequesttyepecode2" time="0.397" classname="com.orgdemo1.Demo6Test"/>
</testsuite> <!-- com.orgdemo1.Demo6Test -->
